<?xml version="1.0" encoding="UTF-8"?>
<!-- Generated by org.testng.reporters.JUnitXMLReporter -->
<testsuite ignored="0" hostname="LAPTOP-873KCNFI" failures="0" tests="33" name="Default test" time="219.952" errors="0" timestamp="2026-04-13T15:26:51 IST">
  <testcase classname="tests.LoginFunctionality" name="loginWithEmptyFields" time="1.049"/>
  <testcase classname="tests.LoginFunctionality" name="loginWithIncorrectPassword" time="3.325"/>
  <testcase classname="tests.LoginFunctionality" name="loginWithInvalidUsername" time="2.226"/>
  <testcase classname="tests.LoginFunctionality" name="verifyPasswordMasked" time="0.737"/>
  <testcase classname="tests.SignupTest" name="signUpWithEmptyFields" time="0.82"/>
  <testcase classname="tests.SignupTest" name="signUpWithExistingUsername" time="3.323"/>
  <testcase classname="tests.SignupTest" name="signUpWithUniqueCredentials" time="2.535"/>
  <testcase classname="tests.ProductBrowsingTests" name="verifyPhonesCategory" time="1.126"/>
  <testcase classname="tests.ProductBrowsingTests" name="verifyLaptopsCategory" time="1.116"/>
  <testcase classname="tests.ProductBrowsingTests" name="verifyMonitorsCategory" time="1.156"/>
  <testcase classname="tests.UIUXTest" name="verifyProductTilesPresence" time="1.291"/>
  <testcase classname="tests.UIUXTest" name="verifyNavbarUIElements" time="0.187"/>
  <testcase classname="tests.UIUXTest" name="verifyAddToCartAlert" time="3.323"/>
  <testcase classname="tests.UIUXTest" name="verifyNonExistingUIElement" time="10.117"/>
  <testcase classname="tests.UIUXTest" name="verifyFontConsistency" time="0.127"/>
  <testcase classname="tests.UIUXTest" name="verifyProductImagesLoad" time="1.564"/>
  <testcase classname="tests.ResponsiveTest" name="verifyMobileResponsiveness" time="0.557"/>
  <testcase classname="tests.ResponsiveTest" name="verifyTabletResponsiveness" time="0.53"/>
  <testcase classname="tests.ResponsiveTest" name="verifyDesktopResponsiveness" time="0.602"/>
  <testcase classname="tests.ResponsiveTest" name="verifyForcedOverflowScenario" time="1.521"/>
  <testcase classname="tests.Logoutfunctionality" name="verifyLogoutNegative" time="10.428"/>
  <testcase classname="tests.Logoutfunctionality" name="verifyLogoutPositive" time="3.991"/>
  <testcase classname="tests.CartTest" name="addSingleProductToCart" time="6.38"/>
  <testcase classname="tests.CartTest" name="viewCart" time="2.603"/>
  <testcase classname="tests.CartTest" name="removeProductFromCart" time="2.777"/>
  <testcase classname="tests.CartTest" name="addMultipleProductsToCart" time="9.304"/>
  <testcase classname="tests.NavbarNavigationTest" name="verifyHomeNavigation" time="0.635"/>
  <testcase classname="tests.NavbarNavigationTest" name="verifyCartNavigation" time="1.068"/>
  <testcase classname="tests.NavbarNavigationTest" name="verifyContactModalOpenClose" time="1.318"/>
  <testcase classname="tests.NavbarNavigationTest" name="verifyInvalidNavbarLink" time="10.015"/>
  <testcase classname="tests.NavbarNavigationTest" name="verifyCartNotOpenedWithoutClick" time="0.012"/>
  <testcase classname="tests.NavbarNavigationTest" name="verifyBrokenImages" time="1.782"/>
  <testcase classname="tests.OrderPlaced" name="placeOrderSuccessfully" time="4.029"/>
</testsuite> <!-- Default test -->
