<?xml version="1.0" encoding="UTF-8"?>
<!-- Generated by org.testng.reporters.JUnitXMLReporter -->
<testsuite ignored="0" hostname="LAPTOP-873KCNFI" failures="0" tests="33" name="Default test" time="220.758" errors="0" timestamp="2026-04-13T15:56:33 IST">
  <testcase classname="tests.LoginFunctionality" name="loginWithEmptyFields" time="1.057"/>
  <testcase classname="tests.LoginFunctionality" name="loginWithIncorrectPassword" time="3.961"/>
  <testcase classname="tests.LoginFunctionality" name="loginWithInvalidUsername" time="2.651"/>
  <testcase classname="tests.LoginFunctionality" name="verifyPasswordMasked" time="0.686"/>
  <testcase classname="tests.SignupTest" name="signUpWithEmptyFields" time="0.815"/>
  <testcase classname="tests.SignupTest" name="signUpWithExistingUsername" time="2.08"/>
  <testcase classname="tests.SignupTest" name="signUpWithUniqueCredentials" time="2.019"/>
  <testcase classname="tests.ProductBrowsingTests" name="verifyPhonesCategory" time="1.2"/>
  <testcase classname="tests.ProductBrowsingTests" name="verifyLaptopsCategory" time="1.247"/>
  <testcase classname="tests.ProductBrowsingTests" name="verifyMonitorsCategory" time="1.131"/>
  <testcase classname="tests.UIUXTest" name="verifyProductTilesPresence" time="5.431"/>
  <testcase classname="tests.UIUXTest" name="verifyNavbarUIElements" time="0.603"/>
  <testcase classname="tests.UIUXTest" name="verifyAddToCartAlert" time="4.904"/>
  <testcase classname="tests.UIUXTest" name="verifyNonExistingUIElement" time="10.442"/>
  <testcase classname="tests.UIUXTest" name="verifyFontConsistency" time="0.135"/>
  <testcase classname="tests.UIUXTest" name="verifyProductImagesLoad" time="0.721"/>
  <testcase classname="tests.ResponsiveTest" name="verifyMobileResponsiveness" time="0.905"/>
  <testcase classname="tests.ResponsiveTest" name="verifyTabletResponsiveness" time="0.508"/>
  <testcase classname="tests.ResponsiveTest" name="verifyDesktopResponsiveness" time="0.816"/>
  <testcase classname="tests.ResponsiveTest" name="verifyForcedOverflowScenario" time="1.529"/>
  <testcase classname="tests.Logoutfunctionality" name="verifyLogoutNegative" time="10.452"/>
  <testcase classname="tests.Logoutfunctionality" name="verifyLogoutPositive" time="4.533"/>
  <testcase classname="tests.CartTest" name="addSingleProductToCart" time="5.78"/>
  <testcase classname="tests.CartTest" name="viewCart" time="2.449"/>
  <testcase classname="tests.CartTest" name="removeProductFromCart" time="2.312"/>
  <testcase classname="tests.CartTest" name="addMultipleProductsToCart" time="8.429"/>
  <testcase classname="tests.NavbarNavigationTest" name="verifyHomeNavigation" time="0.318"/>
  <testcase classname="tests.NavbarNavigationTest" name="verifyCartNavigation" time="1.009"/>
  <testcase classname="tests.NavbarNavigationTest" name="verifyContactModalOpenClose" time="1.306"/>
  <testcase classname="tests.NavbarNavigationTest" name="verifyInvalidNavbarLink" time="10.055"/>
  <testcase classname="tests.NavbarNavigationTest" name="verifyCartNotOpenedWithoutClick" time="0.012"/>
  <testcase classname="tests.NavbarNavigationTest" name="verifyBrokenImages" time="1.768"/>
  <testcase classname="tests.OrderPlaced" name="placeOrderSuccessfully" time="3.83"/>
</testsuite> <!-- Default test -->
