<?xml version="1.0" encoding="UTF-8"?>
<testng-results ignored="0" total="33" passed="33" failed="0" skipped="0">
  <reporter-output>
  </reporter-output>
  <suite started-at="2026-04-13T15:52:53 IST" name="Default suite" finished-at="2026-04-13T15:56:33 IST" duration-ms="220758">
    <groups>
    </groups>
    <test started-at="2026-04-13T15:52:53 IST" name="Default test" finished-at="2026-04-13T15:56:33 IST" duration-ms="220758">
      <class name="tests.ResponsiveTest">
        <test-method is-config="true" signature="setup()[pri:0, instance:tests.ResponsiveTest@4961f6af]" started-at="2026-04-13T15:54:54 IST" name="setup" finished-at="2026-04-13T15:54:58 IST" duration-ms="4015" status="PASS">
          <reporter-output>
          </reporter-output>
        </test-method> <!-- setup -->
        <test-method signature="verifyMobileResponsiveness()[pri:1, instance:tests.ResponsiveTest@4961f6af]" started-at="2026-04-13T15:54:58 IST" name="verifyMobileResponsiveness" finished-at="2026-04-13T15:54:59 IST" duration-ms="905" status="PASS">
          <reporter-output>
          </reporter-output>
        </test-method> <!-- verifyMobileResponsiveness -->
        <test-method is-config="true" signature="tearDown()[pri:0, instance:tests.ResponsiveTest@4961f6af]" started-at="2026-04-13T15:54:59 IST" name="tearDown" finished-at="2026-04-13T15:54:59 IST" duration-ms="231" status="PASS">
          <reporter-output>
          </reporter-output>
        </test-method> <!-- tearDown -->
        <test-method is-config="true" signature="setup()[pri:0, instance:tests.ResponsiveTest@4961f6af]" started-at="2026-04-13T15:54:59 IST" name="setup" finished-at="2026-04-13T15:55:03 IST" duration-ms="3186" status="PASS">
          <reporter-output>
          </reporter-output>
        </test-method> <!-- setup -->
        <test-method signature="verifyTabletResponsiveness()[pri:2, instance:tests.ResponsiveTest@4961f6af]" started-at="2026-04-13T15:55:03 IST" name="verifyTabletResponsiveness" finished-at="2026-04-13T15:55:03 IST" duration-ms="508" status="PASS">
          <reporter-output>
          </reporter-output>
        </test-method> <!-- verifyTabletResponsiveness -->
        <test-method is-config="true" signature="tearDown()[pri:0, instance:tests.ResponsiveTest@4961f6af]" started-at="2026-04-13T15:55:03 IST" name="tearDown" finished-at="2026-04-13T15:55:03 IST" duration-ms="145" status="PASS">
          <reporter-output>
          </reporter-output>
        </test-method> <!-- tearDown -->
        <test-method is-config="true" signature="setup()[pri:0, instance:tests.ResponsiveTest@4961f6af]" started-at="2026-04-13T15:55:03 IST" name="setup" finished-at="2026-04-13T15:55:08 IST" duration-ms="5338" status="PASS">
          <reporter-output>
          </reporter-output>
        </test-method> <!-- setup -->
        <test-method signature="verifyDesktopResponsiveness()[pri:3, instance:tests.ResponsiveTest@4961f6af]" started-at="2026-04-13T15:55:08 IST" name="verifyDesktopResponsiveness" finished-at="2026-04-13T15:55:09 IST" duration-ms="816" status="PASS">
          <reporter-output>
          </reporter-output>
        </test-method> <!-- verifyDesktopResponsiveness -->
        <test-method is-config="true" signature="tearDown()[pri:0, instance:tests.ResponsiveTest@4961f6af]" started-at="2026-04-13T15:55:09 IST" name="tearDown" finished-at="2026-04-13T15:55:10 IST" duration-ms="208" status="PASS">
          <reporter-output>
          </reporter-output>
        </test-method> <!-- tearDown -->
        <test-method is-config="true" signature="setup()[pri:0, instance:tests.ResponsiveTest@4961f6af]" started-at="2026-04-13T15:55:10 IST" name="setup" finished-at="2026-04-13T15:55:12 IST" duration-ms="2556" status="PASS">
          <reporter-output>
          </reporter-output>
        </test-method> <!-- setup -->
        <test-method signature="verifyForcedOverflowScenario()[pri:4, instance:tests.ResponsiveTest@4961f6af]" started-at="2026-04-13T15:55:12 IST" name="verifyForcedOverflowScenario" finished-at="2026-04-13T15:55:14 IST" duration-ms="1529" status="PASS">
          <reporter-output>
          </reporter-output>
        </test-method> <!-- verifyForcedOverflowScenario -->
        <test-method is-config="true" signature="tearDown()[pri:0, instance:tests.ResponsiveTest@4961f6af]" started-at="2026-04-13T15:55:14 IST" name="tearDown" finished-at="2026-04-13T15:55:14 IST" duration-ms="192" status="PASS">
          <reporter-output>
          </reporter-output>
        </test-method> <!-- tearDown -->
      </class> <!-- tests.ResponsiveTest -->
      <class name="tests.Logoutfunctionality">
        <test-method is-config="true" signature="setup()[pri:0, instance:tests.Logoutfunctionality@5aebe890]" started-at="2026-04-13T15:55:14 IST" name="setup" finished-at="2026-04-13T15:55:16 IST" duration-ms="2358" status="PASS">
          <reporter-output>
          </reporter-output>
        </test-method> <!-- setup -->
        <test-method signature="verifyLogoutNegative()[pri:0, instance:tests.Logoutfunctionality@5aebe890]" started-at="2026-04-13T15:55:16 IST" name="verifyLogoutNegative" finished-at="2026-04-13T15:55:27 IST" duration-ms="10452" status="PASS">
          <reporter-output>
          </reporter-output>
        </test-method> <!-- verifyLogoutNegative -->
        <test-method is-config="true" signature="tearDown()[pri:0, instance:tests.Logoutfunctionality@5aebe890]" started-at="2026-04-13T15:55:27 IST" name="tearDown" finished-at="2026-04-13T15:55:27 IST" duration-ms="268" status="PASS">
          <reporter-output>
          </reporter-output>
        </test-method> <!-- tearDown -->
        <test-method is-config="true" signature="setup()[pri:0, instance:tests.Logoutfunctionality@5aebe890]" started-at="2026-04-13T15:55:27 IST" name="setup" finished-at="2026-04-13T15:55:29 IST" duration-ms="2240" status="PASS">
          <reporter-output>
          </reporter-output>
        </test-method> <!-- setup -->
        <test-method signature="verifyLogoutPositive()[pri:0, instance:tests.Logoutfunctionality@5aebe890]" started-at="2026-04-13T15:55:29 IST" name="verifyLogoutPositive" finished-at="2026-04-13T15:55:34 IST" duration-ms="4533" status="PASS">
          <reporter-output>
          </reporter-output>
        </test-method> <!-- verifyLogoutPositive -->
        <test-method is-config="true" signature="tearDown()[pri:0, instance:tests.Logoutfunctionality@5aebe890]" started-at="2026-04-13T15:55:34 IST" name="tearDown" finished-at="2026-04-13T15:55:34 IST" duration-ms="214" status="PASS">
          <reporter-output>
          </reporter-output>
        </test-method> <!-- tearDown -->
      </class> <!-- tests.Logoutfunctionality -->
      <class name="tests.LoginFunctionality">
        <test-method is-config="true" signature="setup()[pri:0, instance:tests.LoginFunctionality@15de0b3c]" started-at="2026-04-13T15:52:53 IST" name="setup" finished-at="2026-04-13T15:53:01 IST" duration-ms="7948" status="PASS">
          <reporter-output>
          </reporter-output>
        </test-method> <!-- setup -->
        <test-method is-config="true" signature="initPage()[pri:0, instance:tests.LoginFunctionality@15de0b3c]" started-at="2026-04-13T15:53:01 IST" name="initPage" finished-at="2026-04-13T15:53:01 IST" duration-ms="3" status="PASS">
          <reporter-output>
          </reporter-output>
        </test-method> <!-- initPage -->
        <test-method signature="loginWithEmptyFields()[pri:0, instance:tests.LoginFunctionality@15de0b3c]" started-at="2026-04-13T15:53:01 IST" name="loginWithEmptyFields" finished-at="2026-04-13T15:53:02 IST" duration-ms="1057" status="PASS">
          <reporter-output>
          </reporter-output>
        </test-method> <!-- loginWithEmptyFields -->
        <test-method is-config="true" signature="tearDown()[pri:0, instance:tests.LoginFunctionality@15de0b3c]" started-at="2026-04-13T15:53:02 IST" name="tearDown" finished-at="2026-04-13T15:53:02 IST" duration-ms="203" status="PASS">
          <reporter-output>
          </reporter-output>
        </test-method> <!-- tearDown -->
        <test-method is-config="true" signature="setup()[pri:0, instance:tests.LoginFunctionality@15de0b3c]" started-at="2026-04-13T15:53:02 IST" name="setup" finished-at="2026-04-13T15:53:09 IST" duration-ms="7661" status="PASS">
          <reporter-output>
          </reporter-output>
        </test-method> <!-- setup -->
        <test-method is-config="true" signature="initPage()[pri:0, instance:tests.LoginFunctionality@15de0b3c]" started-at="2026-04-13T15:53:09 IST" name="initPage" finished-at="2026-04-13T15:53:09 IST" duration-ms="1" status="PASS">
          <reporter-output>
          </reporter-output>
        </test-method> <!-- initPage -->
        <test-method signature="loginWithIncorrectPassword()[pri:0, instance:tests.LoginFunctionality@15de0b3c]" started-at="2026-04-13T15:53:09 IST" name="loginWithIncorrectPassword" finished-at="2026-04-13T15:53:13 IST" duration-ms="3961" status="PASS">
          <reporter-output>
          </reporter-output>
        </test-method> <!-- loginWithIncorrectPassword -->
        <test-method is-config="true" signature="tearDown()[pri:0, instance:tests.LoginFunctionality@15de0b3c]" started-at="2026-04-13T15:53:13 IST" name="tearDown" finished-at="2026-04-13T15:53:14 IST" duration-ms="219" status="PASS">
          <reporter-output>
          </reporter-output>
        </test-method> <!-- tearDown -->
        <test-method is-config="true" signature="setup()[pri:0, instance:tests.LoginFunctionality@15de0b3c]" started-at="2026-04-13T15:53:14 IST" name="setup" finished-at="2026-04-13T15:53:19 IST" duration-ms="4857" status="PASS">
          <reporter-output>
          </reporter-output>
        </test-method> <!-- setup -->
        <test-method signature="loginWithInvalidUsername()[pri:0, instance:tests.LoginFunctionality@15de0b3c]" started-at="2026-04-13T15:53:19 IST" name="loginWithInvalidUsername" finished-at="2026-04-13T15:53:21 IST" duration-ms="2651" status="PASS">
          <reporter-output>
          </reporter-output>
        </test-method> <!-- loginWithInvalidUsername -->
        <test-method is-config="true" signature="initPage()[pri:0, instance:tests.LoginFunctionality@15de0b3c]" started-at="2026-04-13T15:53:19 IST" name="initPage" finished-at="2026-04-13T15:53:19 IST" duration-ms="0" status="PASS">
          <reporter-output>
          </reporter-output>
        </test-method> <!-- initPage -->
        <test-method is-config="true" signature="tearDown()[pri:0, instance:tests.LoginFunctionality@15de0b3c]" started-at="2026-04-13T15:53:21 IST" name="tearDown" finished-at="2026-04-13T15:53:21 IST" duration-ms="202" status="PASS">
          <reporter-output>
          </reporter-output>
        </test-method> <!-- tearDown -->
        <test-method is-config="true" signature="setup()[pri:0, instance:tests.LoginFunctionality@15de0b3c]" started-at="2026-04-13T15:53:21 IST" name="setup" finished-at="2026-04-13T15:53:26 IST" duration-ms="4939" status="PASS">
          <reporter-output>
          </reporter-output>
        </test-method> <!-- setup -->
        <test-method signature="verifyPasswordMasked()[pri:0, instance:tests.LoginFunctionality@15de0b3c]" started-at="2026-04-13T15:53:26 IST" name="verifyPasswordMasked" finished-at="2026-04-13T15:53:27 IST" duration-ms="686" status="PASS">
          <reporter-output>
          </reporter-output>
        </test-method> <!-- verifyPasswordMasked -->
        <test-method is-config="true" signature="initPage()[pri:0, instance:tests.LoginFunctionality@15de0b3c]" started-at="2026-04-13T15:53:26 IST" name="initPage" finished-at="2026-04-13T15:53:26 IST" duration-ms="0" status="PASS">
          <reporter-output>
          </reporter-output>
        </test-method> <!-- initPage -->
        <test-method is-config="true" signature="tearDown()[pri:0, instance:tests.LoginFunctionality@15de0b3c]" started-at="2026-04-13T15:53:27 IST" name="tearDown" finished-at="2026-04-13T15:53:27 IST" duration-ms="157" status="PASS">
          <reporter-output>
          </reporter-output>
        </test-method> <!-- tearDown -->
      </class> <!-- tests.LoginFunctionality -->
      <class name="tests.ProductBrowsingTests">
        <test-method is-config="true" signature="setup()[pri:0, instance:tests.ProductBrowsingTests@71e9ddb4]" started-at="2026-04-13T15:53:48 IST" name="setup" finished-at="2026-04-13T15:53:55 IST" duration-ms="6442" status="PASS">
          <reporter-output>
          </reporter-output>
        </test-method> <!-- setup -->
        <test-method signature="verifyPhonesCategory()[pri:1, instance:tests.ProductBrowsingTests@71e9ddb4]" started-at="2026-04-13T15:53:55 IST" name="verifyPhonesCategory" finished-at="2026-04-13T15:53:56 IST" duration-ms="1200" status="PASS">
          <reporter-output>
          </reporter-output>
        </test-method> <!-- verifyPhonesCategory -->
        <test-method is-config="true" signature="tearDown()[pri:0, instance:tests.ProductBrowsingTests@71e9ddb4]" started-at="2026-04-13T15:53:56 IST" name="tearDown" finished-at="2026-04-13T15:53:56 IST" duration-ms="234" status="PASS">
          <reporter-output>
          </reporter-output>
        </test-method> <!-- tearDown -->
        <test-method is-config="true" signature="setup()[pri:0, instance:tests.ProductBrowsingTests@71e9ddb4]" started-at="2026-04-13T15:53:56 IST" name="setup" finished-at="2026-04-13T15:54:00 IST" duration-ms="3503" status="PASS">
          <reporter-output>
          </reporter-output>
        </test-method> <!-- setup -->
        <test-method signature="verifyLaptopsCategory()[pri:2, instance:tests.ProductBrowsingTests@71e9ddb4]" started-at="2026-04-13T15:54:00 IST" name="verifyLaptopsCategory" finished-at="2026-04-13T15:54:01 IST" duration-ms="1247" status="PASS">
          <reporter-output>
          </reporter-output>
        </test-method> <!-- verifyLaptopsCategory -->
        <test-method is-config="true" signature="tearDown()[pri:0, instance:tests.ProductBrowsingTests@71e9ddb4]" started-at="2026-04-13T15:54:01 IST" name="tearDown" finished-at="2026-04-13T15:54:01 IST" duration-ms="171" status="PASS">
          <reporter-output>
          </reporter-output>
        </test-method> <!-- tearDown -->
        <test-method is-config="true" signature="setup()[pri:0, instance:tests.ProductBrowsingTests@71e9ddb4]" started-at="2026-04-13T15:54:01 IST" name="setup" finished-at="2026-04-13T15:54:04 IST" duration-ms="2956" status="PASS">
          <reporter-output>
          </reporter-output>
        </test-method> <!-- setup -->
        <test-method signature="verifyMonitorsCategory()[pri:3, instance:tests.ProductBrowsingTests@71e9ddb4]" started-at="2026-04-13T15:54:04 IST" name="verifyMonitorsCategory" finished-at="2026-04-13T15:54:05 IST" duration-ms="1131" status="PASS">
          <reporter-output>
          </reporter-output>
        </test-method> <!-- verifyMonitorsCategory -->
        <test-method is-config="true" signature="tearDown()[pri:0, instance:tests.ProductBrowsingTests@71e9ddb4]" started-at="2026-04-13T15:54:05 IST" name="tearDown" finished-at="2026-04-13T15:54:05 IST" duration-ms="188" status="PASS">
          <reporter-output>
          </reporter-output>
        </test-method> <!-- tearDown -->
      </class> <!-- tests.ProductBrowsingTests -->
      <class name="tests.SignupTest">
        <test-method is-config="true" signature="setup()[pri:0, instance:tests.SignupTest@58a9760d]" started-at="2026-04-13T15:53:27 IST" name="setup" finished-at="2026-04-13T15:53:31 IST" duration-ms="4269" status="PASS">
          <reporter-output>
          </reporter-output>
        </test-method> <!-- setup -->
        <test-method signature="signUpWithEmptyFields()[pri:0, instance:tests.SignupTest@58a9760d]" started-at="2026-04-13T15:53:31 IST" name="signUpWithEmptyFields" finished-at="2026-04-13T15:53:32 IST" duration-ms="815" status="PASS">
          <reporter-output>
          </reporter-output>
        </test-method> <!-- signUpWithEmptyFields -->
        <test-method is-config="true" signature="tearDown()[pri:0, instance:tests.SignupTest@58a9760d]" started-at="2026-04-13T15:53:32 IST" name="tearDown" finished-at="2026-04-13T15:53:32 IST" duration-ms="256" status="PASS">
          <reporter-output>
          </reporter-output>
        </test-method> <!-- tearDown -->
        <test-method is-config="true" signature="setup()[pri:0, instance:tests.SignupTest@58a9760d]" started-at="2026-04-13T15:53:32 IST" name="setup" finished-at="2026-04-13T15:53:36 IST" duration-ms="3550" status="PASS">
          <reporter-output>
          </reporter-output>
        </test-method> <!-- setup -->
        <test-method signature="signUpWithExistingUsername()[pri:0, instance:tests.SignupTest@58a9760d]" started-at="2026-04-13T15:53:36 IST" name="signUpWithExistingUsername" finished-at="2026-04-13T15:53:38 IST" duration-ms="2080" status="PASS">
          <reporter-output>
          </reporter-output>
        </test-method> <!-- signUpWithExistingUsername -->
        <test-method is-config="true" signature="tearDown()[pri:0, instance:tests.SignupTest@58a9760d]" started-at="2026-04-13T15:53:38 IST" name="tearDown" finished-at="2026-04-13T15:53:38 IST" duration-ms="204" status="PASS">
          <reporter-output>
          </reporter-output>
        </test-method> <!-- tearDown -->
        <test-method is-config="true" signature="setup()[pri:0, instance:tests.SignupTest@58a9760d]" started-at="2026-04-13T15:53:38 IST" name="setup" finished-at="2026-04-13T15:53:46 IST" duration-ms="7808" status="PASS">
          <reporter-output>
          </reporter-output>
        </test-method> <!-- setup -->
        <test-method signature="signUpWithUniqueCredentials()[pri:0, instance:tests.SignupTest@58a9760d]" started-at="2026-04-13T15:53:46 IST" name="signUpWithUniqueCredentials" finished-at="2026-04-13T15:53:48 IST" duration-ms="2019" status="PASS">
          <reporter-output>
          </reporter-output>
        </test-method> <!-- signUpWithUniqueCredentials -->
        <test-method is-config="true" signature="tearDown()[pri:0, instance:tests.SignupTest@58a9760d]" started-at="2026-04-13T15:53:48 IST" name="tearDown" finished-at="2026-04-13T15:53:48 IST" duration-ms="186" status="PASS">
          <reporter-output>
          </reporter-output>
        </test-method> <!-- tearDown -->
      </class> <!-- tests.SignupTest -->
      <class name="tests.CartTest">
        <test-method is-config="true" signature="setup()[pri:0, instance:tests.CartTest@65d09a04]" started-at="2026-04-13T15:55:34 IST" name="setup" finished-at="2026-04-13T15:55:36 IST" duration-ms="2127" status="PASS">
          <reporter-output>
          </reporter-output>
        </test-method> <!-- setup -->
        <test-method signature="addSingleProductToCart()[pri:1, instance:tests.CartTest@65d09a04]" started-at="2026-04-13T15:55:36 IST" name="addSingleProductToCart" finished-at="2026-04-13T15:55:42 IST" duration-ms="5780" status="PASS">
          <reporter-output>
          </reporter-output>
        </test-method> <!-- addSingleProductToCart -->
        <test-method signature="viewCart()[pri:2, instance:tests.CartTest@65d09a04]" started-at="2026-04-13T15:55:42 IST" name="viewCart" finished-at="2026-04-13T15:55:44 IST" duration-ms="2449" status="PASS">
          <reporter-output>
          </reporter-output>
        </test-method> <!-- viewCart -->
        <test-method signature="removeProductFromCart()[pri:3, instance:tests.CartTest@65d09a04]" started-at="2026-04-13T15:55:44 IST" name="removeProductFromCart" finished-at="2026-04-13T15:55:47 IST" duration-ms="2312" status="PASS">
          <reporter-output>
          </reporter-output>
        </test-method> <!-- removeProductFromCart -->
        <test-method signature="addMultipleProductsToCart()[pri:4, instance:tests.CartTest@65d09a04]" started-at="2026-04-13T15:55:47 IST" name="addMultipleProductsToCart" finished-at="2026-04-13T15:55:55 IST" duration-ms="8429" status="PASS">
          <reporter-output>
          </reporter-output>
        </test-method> <!-- addMultipleProductsToCart -->
        <test-method is-config="true" signature="teardown()[pri:0, instance:tests.CartTest@65d09a04]" started-at="2026-04-13T15:55:55 IST" name="teardown" finished-at="2026-04-13T15:55:55 IST" duration-ms="239" status="PASS">
          <reporter-output>
          </reporter-output>
        </test-method> <!-- teardown -->
      </class> <!-- tests.CartTest -->
      <class name="tests.NavbarNavigationTest">
        <test-method is-config="true" signature="setup()[pri:0, instance:tests.NavbarNavigationTest@75db5df9]" started-at="2026-04-13T15:55:55 IST" name="setup" finished-at="2026-04-13T15:55:57 IST" duration-ms="2219" status="PASS">
          <reporter-output>
          </reporter-output>
        </test-method> <!-- setup -->
        <test-method signature="verifyHomeNavigation()[pri:1, instance:tests.NavbarNavigationTest@75db5df9]" started-at="2026-04-13T15:55:57 IST" name="verifyHomeNavigation" finished-at="2026-04-13T15:55:58 IST" duration-ms="318" status="PASS">
          <reporter-output>
          </reporter-output>
        </test-method> <!-- verifyHomeNavigation -->
        <test-method is-config="true" signature="tearDown()[pri:0, instance:tests.NavbarNavigationTest@75db5df9]" started-at="2026-04-13T15:55:58 IST" name="tearDown" finished-at="2026-04-13T15:55:58 IST" duration-ms="175" status="PASS">
          <reporter-output>
          </reporter-output>
        </test-method> <!-- tearDown -->
        <test-method is-config="true" signature="setup()[pri:0, instance:tests.NavbarNavigationTest@75db5df9]" started-at="2026-04-13T15:55:58 IST" name="setup" finished-at="2026-04-13T15:56:00 IST" duration-ms="2279" status="PASS">
          <reporter-output>
          </reporter-output>
        </test-method> <!-- setup -->
        <test-method signature="verifyCartNavigation()[pri:2, instance:tests.NavbarNavigationTest@75db5df9]" started-at="2026-04-13T15:56:00 IST" name="verifyCartNavigation" finished-at="2026-04-13T15:56:01 IST" duration-ms="1009" status="PASS">
          <reporter-output>
          </reporter-output>
        </test-method> <!-- verifyCartNavigation -->
        <test-method is-config="true" signature="tearDown()[pri:0, instance:tests.NavbarNavigationTest@75db5df9]" started-at="2026-04-13T15:56:01 IST" name="tearDown" finished-at="2026-04-13T15:56:01 IST" duration-ms="189" status="PASS">
          <reporter-output>
          </reporter-output>
        </test-method> <!-- tearDown -->
        <test-method is-config="true" signature="setup()[pri:0, instance:tests.NavbarNavigationTest@75db5df9]" started-at="2026-04-13T15:56:01 IST" name="setup" finished-at="2026-04-13T15:56:04 IST" duration-ms="2288" status="PASS">
          <reporter-output>
          </reporter-output>
        </test-method> <!-- setup -->
        <test-method signature="verifyContactModalOpenClose()[pri:3, instance:tests.NavbarNavigationTest@75db5df9]" started-at="2026-04-13T15:56:04 IST" name="verifyContactModalOpenClose" finished-at="2026-04-13T15:56:05 IST" duration-ms="1306" status="PASS">
          <reporter-output>
          </reporter-output>
        </test-method> <!-- verifyContactModalOpenClose -->
        <test-method is-config="true" signature="tearDown()[pri:0, instance:tests.NavbarNavigationTest@75db5df9]" started-at="2026-04-13T15:56:05 IST" name="tearDown" finished-at="2026-04-13T15:56:05 IST" duration-ms="189" status="PASS">
          <reporter-output>
          </reporter-output>
        </test-method> <!-- tearDown -->
        <test-method is-config="true" signature="setup()[pri:0, instance:tests.NavbarNavigationTest@75db5df9]" started-at="2026-04-13T15:56:05 IST" name="setup" finished-at="2026-04-13T15:56:08 IST" duration-ms="2711" status="PASS">
          <reporter-output>
          </reporter-output>
        </test-method> <!-- setup -->
        <test-method signature="verifyInvalidNavbarLink()[pri:4, instance:tests.NavbarNavigationTest@75db5df9]" started-at="2026-04-13T15:56:08 IST" name="verifyInvalidNavbarLink" finished-at="2026-04-13T15:56:18 IST" duration-ms="10055" status="PASS">
          <reporter-output>
          </reporter-output>
        </test-method> <!-- verifyInvalidNavbarLink -->
        <test-method is-config="true" signature="tearDown()[pri:0, instance:tests.NavbarNavigationTest@75db5df9]" started-at="2026-04-13T15:56:18 IST" name="tearDown" finished-at="2026-04-13T15:56:18 IST" duration-ms="240" status="PASS">
          <reporter-output>
          </reporter-output>
        </test-method> <!-- tearDown -->
        <test-method is-config="true" signature="setup()[pri:0, instance:tests.NavbarNavigationTest@75db5df9]" started-at="2026-04-13T15:56:18 IST" name="setup" finished-at="2026-04-13T15:56:21 IST" duration-ms="2821" status="PASS">
          <reporter-output>
          </reporter-output>
        </test-method> <!-- setup -->
        <test-method signature="verifyCartNotOpenedWithoutClick()[pri:5, instance:tests.NavbarNavigationTest@75db5df9]" started-at="2026-04-13T15:56:21 IST" name="verifyCartNotOpenedWithoutClick" finished-at="2026-04-13T15:56:21 IST" duration-ms="12" status="PASS">
          <reporter-output>
          </reporter-output>
        </test-method> <!-- verifyCartNotOpenedWithoutClick -->
        <test-method is-config="true" signature="tearDown()[pri:0, instance:tests.NavbarNavigationTest@75db5df9]" started-at="2026-04-13T15:56:21 IST" name="tearDown" finished-at="2026-04-13T15:56:21 IST" duration-ms="165" status="PASS">
          <reporter-output>
          </reporter-output>
        </test-method> <!-- tearDown -->
        <test-method is-config="true" signature="setup()[pri:0, instance:tests.NavbarNavigationTest@75db5df9]" started-at="2026-04-13T15:56:21 IST" name="setup" finished-at="2026-04-13T15:56:24 IST" duration-ms="2886" status="PASS">
          <reporter-output>
          </reporter-output>
        </test-method> <!-- setup -->
        <test-method signature="verifyBrokenImages()[pri:6, instance:tests.NavbarNavigationTest@75db5df9]" started-at="2026-04-13T15:56:24 IST" name="verifyBrokenImages" finished-at="2026-04-13T15:56:26 IST" duration-ms="1768" status="PASS">
          <reporter-output>
          </reporter-output>
        </test-method> <!-- verifyBrokenImages -->
        <test-method is-config="true" signature="tearDown()[pri:0, instance:tests.NavbarNavigationTest@75db5df9]" started-at="2026-04-13T15:56:26 IST" name="tearDown" finished-at="2026-04-13T15:56:26 IST" duration-ms="157" status="PASS">
          <reporter-output>
          </reporter-output>
        </test-method> <!-- tearDown -->
      </class> <!-- tests.NavbarNavigationTest -->
      <class name="tests.UIUXTest">
        <test-method is-config="true" signature="setup()[pri:0, instance:tests.UIUXTest@394df057]" started-at="2026-04-13T15:54:05 IST" name="setup" finished-at="2026-04-13T15:54:09 IST" duration-ms="3321" status="PASS">
          <reporter-output>
          </reporter-output>
        </test-method> <!-- setup -->
        <test-method signature="verifyProductTilesPresence()[pri:1, instance:tests.UIUXTest@394df057]" started-at="2026-04-13T15:54:09 IST" name="verifyProductTilesPresence" finished-at="2026-04-13T15:54:14 IST" duration-ms="5431" status="PASS">
          <reporter-output>
          </reporter-output>
        </test-method> <!-- verifyProductTilesPresence -->
        <test-method is-config="true" signature="tearDown()[pri:0, instance:tests.UIUXTest@394df057]" started-at="2026-04-13T15:54:14 IST" name="tearDown" finished-at="2026-04-13T15:54:14 IST" duration-ms="275" status="PASS">
          <reporter-output>
          </reporter-output>
        </test-method> <!-- tearDown -->
        <test-method is-config="true" signature="setup()[pri:0, instance:tests.UIUXTest@394df057]" started-at="2026-04-13T15:54:14 IST" name="setup" finished-at="2026-04-13T15:54:18 IST" duration-ms="4027" status="PASS">
          <reporter-output>
          </reporter-output>
        </test-method> <!-- setup -->
        <test-method signature="verifyNavbarUIElements()[pri:2, instance:tests.UIUXTest@394df057]" started-at="2026-04-13T15:54:18 IST" name="verifyNavbarUIElements" finished-at="2026-04-13T15:54:19 IST" duration-ms="603" status="PASS">
          <reporter-output>
          </reporter-output>
        </test-method> <!-- verifyNavbarUIElements -->
        <test-method is-config="true" signature="tearDown()[pri:0, instance:tests.UIUXTest@394df057]" started-at="2026-04-13T15:54:19 IST" name="tearDown" finished-at="2026-04-13T15:54:19 IST" duration-ms="165" status="PASS">
          <reporter-output>
          </reporter-output>
        </test-method> <!-- tearDown -->
        <test-method is-config="true" signature="setup()[pri:0, instance:tests.UIUXTest@394df057]" started-at="2026-04-13T15:54:19 IST" name="setup" finished-at="2026-04-13T15:54:23 IST" duration-ms="4224" status="PASS">
          <reporter-output>
          </reporter-output>
        </test-method> <!-- setup -->
        <test-method signature="verifyAddToCartAlert()[pri:3, instance:tests.UIUXTest@394df057]" started-at="2026-04-13T15:54:23 IST" name="verifyAddToCartAlert" finished-at="2026-04-13T15:54:28 IST" duration-ms="4904" status="PASS">
          <reporter-output>
          </reporter-output>
        </test-method> <!-- verifyAddToCartAlert -->
        <test-method is-config="true" signature="tearDown()[pri:0, instance:tests.UIUXTest@394df057]" started-at="2026-04-13T15:54:28 IST" name="tearDown" finished-at="2026-04-13T15:54:29 IST" duration-ms="240" status="PASS">
          <reporter-output>
          </reporter-output>
        </test-method> <!-- tearDown -->
        <test-method is-config="true" signature="setup()[pri:0, instance:tests.UIUXTest@394df057]" started-at="2026-04-13T15:54:29 IST" name="setup" finished-at="2026-04-13T15:54:32 IST" duration-ms="3108" status="PASS">
          <reporter-output>
          </reporter-output>
        </test-method> <!-- setup -->
        <test-method signature="verifyNonExistingUIElement()[pri:4, instance:tests.UIUXTest@394df057]" started-at="2026-04-13T15:54:32 IST" name="verifyNonExistingUIElement" finished-at="2026-04-13T15:54:42 IST" duration-ms="10442" status="PASS">
          <reporter-output>
          </reporter-output>
        </test-method> <!-- verifyNonExistingUIElement -->
        <test-method is-config="true" signature="tearDown()[pri:0, instance:tests.UIUXTest@394df057]" started-at="2026-04-13T15:54:42 IST" name="tearDown" finished-at="2026-04-13T15:54:42 IST" duration-ms="202" status="PASS">
          <reporter-output>
          </reporter-output>
        </test-method> <!-- tearDown -->
        <test-method is-config="true" signature="setup()[pri:0, instance:tests.UIUXTest@394df057]" started-at="2026-04-13T15:54:42 IST" name="setup" finished-at="2026-04-13T15:54:46 IST" duration-ms="3630" status="PASS">
          <reporter-output>
          </reporter-output>
        </test-method> <!-- setup -->
        <test-method signature="verifyFontConsistency()[pri:5, instance:tests.UIUXTest@394df057]" started-at="2026-04-13T15:54:46 IST" name="verifyFontConsistency" finished-at="2026-04-13T15:54:46 IST" duration-ms="135" status="PASS">
          <reporter-output>
          </reporter-output>
        </test-method> <!-- verifyFontConsistency -->
        <test-method is-config="true" signature="tearDown()[pri:0, instance:tests.UIUXTest@394df057]" started-at="2026-04-13T15:54:46 IST" name="tearDown" finished-at="2026-04-13T15:54:46 IST" duration-ms="170" status="PASS">
          <reporter-output>
          </reporter-output>
        </test-method> <!-- tearDown -->
        <test-method is-config="true" signature="setup()[pri:0, instance:tests.UIUXTest@394df057]" started-at="2026-04-13T15:54:46 IST" name="setup" finished-at="2026-04-13T15:54:53 IST" duration-ms="6945" status="PASS">
          <reporter-output>
          </reporter-output>
        </test-method> <!-- setup -->
        <test-method signature="verifyProductImagesLoad()[pri:6, instance:tests.UIUXTest@394df057]" started-at="2026-04-13T15:54:53 IST" name="verifyProductImagesLoad" finished-at="2026-04-13T15:54:54 IST" duration-ms="721" status="PASS">
          <reporter-output>
          </reporter-output>
        </test-method> <!-- verifyProductImagesLoad -->
        <test-method is-config="true" signature="tearDown()[pri:0, instance:tests.UIUXTest@394df057]" started-at="2026-04-13T15:54:54 IST" name="tearDown" finished-at="2026-04-13T15:54:54 IST" duration-ms="184" status="PASS">
          <reporter-output>
          </reporter-output>
        </test-method> <!-- tearDown -->
      </class> <!-- tests.UIUXTest -->
      <class name="tests.OrderPlaced">
        <test-method is-config="true" signature="setup()[pri:0, instance:tests.OrderPlaced@707194ba]" started-at="2026-04-13T15:56:26 IST" name="setup" finished-at="2026-04-13T15:56:29 IST" duration-ms="3280" status="PASS">
          <reporter-output>
          </reporter-output>
        </test-method> <!-- setup -->
        <test-method signature="placeOrderSuccessfully()[pri:0, instance:tests.OrderPlaced@707194ba]" started-at="2026-04-13T15:56:29 IST" name="placeOrderSuccessfully" finished-at="2026-04-13T15:56:33 IST" duration-ms="3830" status="PASS">
          <reporter-output>
          </reporter-output>
        </test-method> <!-- placeOrderSuccessfully -->
        <test-method is-config="true" signature="tearDown()[pri:0, instance:tests.OrderPlaced@707194ba]" started-at="2026-04-13T15:56:33 IST" name="tearDown" finished-at="2026-04-13T15:56:33 IST" duration-ms="172" status="PASS">
          <reporter-output>
          </reporter-output>
        </test-method> <!-- tearDown -->
      </class> <!-- tests.OrderPlaced -->
    </test> <!-- Default test -->
  </suite> <!-- Default suite -->
</testng-results>
