<?xml version="1.0" encoding="UTF-8"?>
<!-- Generated by org.testng.reporters.JUnitXMLReporter -->
<testsuite ignored="0" hostname="LAPTOP-873KCNFI" failures="0" tests="37" name="Sanity Test Cases" time="180.873" errors="0" timestamp="2026-04-11T15:38:37 IST">
  <testcase classname="tests.LoginFunctionality" name="loginWithEmptyFields" time="0.879"/>
  <testcase classname="tests.LoginFunctionality" name="loginWithIncorrectPassword" time="2.049"/>
  <testcase classname="tests.LoginFunctionality" name="loginWithInvalidEmailFormat" time="2.18"/>
  <testcase classname="tests.LoginFunctionality" name="loginWithValidCredentials" time="2.176"/>
  <testcase classname="tests.LoginFunctionality" name="verifyPasswordMasked" time="0.709"/>
  <testcase classname="tests.SignupTest" name="signUpWithEmptyFields" time="0.835"/>
  <testcase classname="tests.SignupTest" name="signUpWithExistingUsername" time="1.994"/>
  <testcase classname="tests.SignupTest" name="signUpWithUniqueCredentials" time="1.988"/>
  <testcase classname="tests.CartTest" name="addSingleProductToCart" time="6.311"/>
  <testcase classname="tests.CartTest" name="viewCart" time="2.587"/>
  <testcase classname="tests.CartTest" name="removeProductFromCart" time="0.145"/>
  <testcase classname="tests.CartTest" name="addMultipleProductsToCart" time="8.394"/>
  <testcase classname="tests.ProductBrowsingTests" name="verifyPhonesCategory" time="1.25"/>
  <testcase classname="tests.ProductBrowsingTests" name="verifyLaptopsCategory" time="0.661"/>
  <testcase classname="tests.ProductBrowsingTests" name="verifyProductDetailPage" time="2.502"/>
  <testcase classname="tests.ProductBrowsingTests" name="verifyHomeNavigation" time="1.214"/>
  <testcase classname="tests.ProductBrowsingTests" name="verifyInvalidCategoryHandling" time="0.024"/>
  <testcase classname="tests.ProductBrowsingTests" name="verifyBlankAreaClickDoesNothing" time="0.113"/>
  <testcase classname="tests.ProductBrowsingTests" name="verifyMissingImageCase" time="1.372"/>
  <testcase classname="tests.OrderPlaced" name="testPlaceOrderWithEmptyForm" time="8.497"/>
  <testcase classname="tests.OrderPlaced" name="testPlaceOrderWithValidDetailsAndVerifyConfirmation" time="9.385"/>
  <testcase classname="tests.Logoutfunctionality" name="verifyLogoutNegative" time="10.4"/>
  <testcase classname="tests.Logoutfunctionality" name="verifyLogoutPositive" time="3.824"/>
  <testcase classname="tests.NavbarNavigationTest" name="verifyHomeNavigation" time="0.513"/>
  <testcase classname="tests.NavbarNavigationTest" name="verifyCartNavigation" time="2.55"/>
  <testcase classname="tests.NavbarNavigationTest" name="verifyContactNavigation" time="0.779"/>
  <testcase classname="tests.NavbarNavigationTest" name="verifyInvalidNavbarLink" time="0.032"/>
  <testcase classname="tests.NavbarNavigationTest" name="verifyCloseContactModal" time="1.392"/>
  <testcase classname="tests.NavbarNavigationTest" name="verifyCartNotOpenedWithoutClick" time="0.01"/>
  <testcase classname="tests.NavbarNavigationTest" name="verifyMissingImageCase" time="0.289"/>
  <testcase classname="tests.ResponsiveTest" name="verifyHorizontalScrollNegative" time="0.42"/>
  <testcase classname="tests.ResponsiveTest" name="verifyNoHorizontalScrollPositive" time="0.399"/>
  <testcase classname="tests.UIUXTest" name="verifyActionButtonsVisibility" time="0.086"/>
  <testcase classname="tests.UIUXTest" name="verifyAlertStyling" time="4.104"/>
  <testcase classname="tests.UIUXTest" name="verifyFontConsistency" time="0.026"/>
  <testcase classname="tests.UIUXTest" name="verifyMissingButtonNegative" time="0.012"/>
  <testcase classname="tests.UIUXTest" name="verifyProductTilesAlignment" time="1.1"/>
</testsuite> <!-- Sanity Test Cases -->
