<?xml version="1.0" encoding="UTF-8"?>
<!-- Generated by org.testng.reporters.JUnitReportReporter -->
<testsuite hostname="LAPTOP-873KCNFI" failures="0" tests="7" name="ecommerce.NavbarNavigationTest" time="23.417" errors="0" timestamp="2025-12-03T16:46:55 IST" skipped="0">
  <testcase classname="ecommerce.NavbarNavigationTest" name="verifyHomeNavigation" time="2.684"/>
  <testcase classname="ecommerce.NavbarNavigationTest" name="verifyCartNavigation" time="3.369"/>
  <testcase classname="ecommerce.NavbarNavigationTest" name="verifyContactNavigation" time="3.557"/>
  <testcase classname="ecommerce.NavbarNavigationTest" name="verifyInvalidNavbarLink" time="2.667"/>
  <testcase classname="ecommerce.NavbarNavigationTest" name="verifyCloseContactModal" time="4.400"/>
  <testcase classname="ecommerce.NavbarNavigationTest" name="verifyCartNotOpenedWithoutClick" time="2.281"/>
  <testcase classname="ecommerce.NavbarNavigationTest" name="verifyMissingImageCase" time="4.459"/>
</testsuite> <!-- ecommerce.NavbarNavigationTest -->
