<?xml version="1.0" encoding="UTF-8"?>
<!-- Generated by org.testng.reporters.JUnitReportReporter -->
<testsuite hostname="LAPTOP-873KCNFI" failures="0" tests="6" name="tests.NavbarNavigationTest" time="34.069" errors="0" timestamp="2026-04-13T15:26:51 IST" skipped="0">
  <testcase classname="tests.NavbarNavigationTest" name="verifyHomeNavigation" time="4.042"/>
  <testcase classname="tests.NavbarNavigationTest" name="verifyCartNavigation" time="3.745"/>
  <testcase classname="tests.NavbarNavigationTest" name="verifyContactModalOpenClose" time="4.530"/>
  <testcase classname="tests.NavbarNavigationTest" name="verifyInvalidNavbarLink" time="12.740"/>
  <testcase classname="tests.NavbarNavigationTest" name="verifyCartNotOpenedWithoutClick" time="3.231"/>
  <testcase classname="tests.NavbarNavigationTest" name="verifyBrokenImages" time="5.781"/>
</testsuite> <!-- tests.NavbarNavigationTest -->
