<?xml version="1.0" encoding="UTF-8"?>
<!-- Generated by org.testng.reporters.JUnitReportReporter -->
<testsuite hostname="LAPTOP-873KCNFI" failures="0" tests="2" name="ecommerce.ResponsiveTest" time="6.250" errors="0" timestamp="2025-12-03T16:46:55 IST" skipped="0">
  <testcase classname="ecommerce.ResponsiveTest" name="verifyNoHorizontalScrollPositive" time="3.190"/>
  <testcase classname="ecommerce.ResponsiveTest" name="verifyHorizontalScrollNegative" time="3.060"/>
</testsuite> <!-- ecommerce.ResponsiveTest -->
