<?xml version="1.0" encoding="UTF-8"?>
<!-- Generated by org.testng.reporters.JUnitReportReporter -->
<testsuite hostname="LAPTOP-873KCNFI" failures="0" tests="4" name="tests.ResponsiveTest" time="19.629" errors="0" timestamp="2026-04-13T15:56:33 IST" skipped="0">
  <testcase classname="tests.ResponsiveTest" name="verifyMobileResponsiveness" time="5.112"/>
  <testcase classname="tests.ResponsiveTest" name="verifyTabletResponsiveness" time="3.272"/>
  <testcase classname="tests.ResponsiveTest" name="verifyDesktopResponsiveness" time="4.233"/>
  <testcase classname="tests.ResponsiveTest" name="verifyForcedOverflowScenario" time="7.012"/>
</testsuite> <!-- tests.ResponsiveTest -->
