<?xml version="1.0" encoding="UTF-8"?>
<!-- Generated by org.testng.reporters.JUnitReportReporter -->
<testsuite hostname="LAPTOP-873KCNFI" failures="0" tests="3" name="tests.ProductBrowsingTests" time="11.456" errors="0" timestamp="2026-04-13T15:26:51 IST" skipped="0">
  <testcase classname="tests.ProductBrowsingTests" name="verifyPhonesCategory" time="3.936"/>
  <testcase classname="tests.ProductBrowsingTests" name="verifyLaptopsCategory" time="3.819"/>
  <testcase classname="tests.ProductBrowsingTests" name="verifyMonitorsCategory" time="3.701"/>
</testsuite> <!-- tests.ProductBrowsingTests -->
