<?xml version="1.0" encoding="UTF-8"?>
<!-- Generated by org.testng.reporters.JUnitReportReporter -->
<testsuite hostname="LAPTOP-873KCNFI" failures="0" tests="6" name="tests.NavbarNavigationTest" time="30.787" errors="0" timestamp="2026-04-13T15:56:33 IST" skipped="0">
  <testcase classname="tests.NavbarNavigationTest" name="verifyHomeNavigation" time="2.795"/>
  <testcase classname="tests.NavbarNavigationTest" name="verifyCartNavigation" time="3.385"/>
  <testcase classname="tests.NavbarNavigationTest" name="verifyContactModalOpenClose" time="4.367"/>
  <testcase classname="tests.NavbarNavigationTest" name="verifyInvalidNavbarLink" time="12.523"/>
  <testcase classname="tests.NavbarNavigationTest" name="verifyCartNotOpenedWithoutClick" time="2.963"/>
  <testcase classname="tests.NavbarNavigationTest" name="verifyBrokenImages" time="4.754"/>
</testsuite> <!-- tests.NavbarNavigationTest -->
