<?xml version="1.0" encoding="UTF-8"?>
<!-- Generated by org.testng.reporters.JUnitReportReporter -->
<testsuite hostname="LAPTOP-873KCNFI" failures="0" tests="2" name="tests.Logoutfunctionality" time="21.320" errors="0" timestamp="2026-04-13T15:26:51 IST" skipped="0">
  <testcase classname="tests.Logoutfunctionality" name="verifyLogoutNegative" time="14.358"/>
  <testcase classname="tests.Logoutfunctionality" name="verifyLogoutPositive" time="6.962"/>
</testsuite> <!-- tests.Logoutfunctionality -->
