<?xml version="1.0" encoding="UTF-8"?>
<!-- Generated by org.testng.reporters.JUnitReportReporter -->
<testsuite hostname="LAPTOP-873KCNFI" failures="0" tests="5" name="ecommerce.LoginFunctionality" time="21.007" errors="0" timestamp="2025-12-03T16:46:55 IST" skipped="0">
  <testcase classname="ecommerce.LoginFunctionality" name="verifyPasswordMasked" time="3.089"/>
  <testcase classname="ecommerce.LoginFunctionality" name="loginWithInvalidEmailFormat" time="5.019"/>
  <testcase classname="ecommerce.LoginFunctionality" name="loginWithValidCredentials" time="4.534"/>
  <testcase classname="ecommerce.LoginFunctionality" name="loginWithEmptyFields" time="3.079"/>
  <testcase classname="ecommerce.LoginFunctionality" name="loginWithIncorrectPassword" time="5.286"/>
</testsuite> <!-- ecommerce.LoginFunctionality -->
