<?xml version="1.0" encoding="UTF-8"?>
<!-- Generated by org.testng.reporters.JUnitReportReporter -->
<testsuite hostname="LAPTOP-873KCNFI" failures="0" tests="3" name="ecommerce.SignupTest" time="12.204" errors="0" timestamp="2025-12-03T16:46:55 IST" skipped="0">
  <testcase classname="ecommerce.SignupTest" name="signUpWithExistingUsername" time="5.180"/>
  <testcase classname="ecommerce.SignupTest" name="signUpWithEmptyFields" time="2.942"/>
  <testcase classname="ecommerce.SignupTest" name="signUpWithUniqueCredentials" time="4.082"/>
</testsuite> <!-- ecommerce.SignupTest -->
