<?xml version="1.0" encoding="UTF-8"?>
<!-- Generated by org.testng.reporters.JUnitReportReporter -->
<testsuite hostname="LAPTOP-873KCNFI" failures="0" tests="5" name="ecommerce.UIUXTest" time="18.804" errors="0" timestamp="2025-12-03T16:46:55 IST" skipped="0">
  <testcase classname="ecommerce.UIUXTest" name="verifyAlertStyling" time="5.243"/>
  <testcase classname="ecommerce.UIUXTest" name="verifyProductTilesAlignment" time="3.699"/>
  <testcase classname="ecommerce.UIUXTest" name="verifyMissingButtonNegative" time="2.475"/>
  <testcase classname="ecommerce.UIUXTest" name="verifyFontConsistency" time="3.106"/>
  <testcase classname="ecommerce.UIUXTest" name="verifyActionButtonsVisibility" time="4.281"/>
</testsuite> <!-- ecommerce.UIUXTest -->
