<?xml version="1.0" encoding="UTF-8"?>
<!-- Generated by org.testng.reporters.JUnitReportReporter -->
<testsuite hostname="LAPTOP-873KCNFI" failures="0" tests="5" name="tests.LoginFunctionality" time="21.187" errors="0" timestamp="2026-04-11T15:48:23 IST" skipped="0">
  <testcase classname="tests.LoginFunctionality" name="loginWithEmptyFields" time="3.309"/>
  <testcase classname="tests.LoginFunctionality" name="loginWithValidCredentials" time="4.474"/>
  <testcase classname="tests.LoginFunctionality" name="loginWithIncorrectPassword" time="4.366"/>
  <testcase classname="tests.LoginFunctionality" name="verifyPasswordMasked" time="4.720"/>
  <testcase classname="tests.LoginFunctionality" name="loginWithInvalidEmailFormat" time="4.318"/>
</testsuite> <!-- tests.LoginFunctionality -->
