<?xml version="1.0" encoding="UTF-8"?>
<!-- Generated by org.testng.reporters.JUnitReportReporter -->
<testsuite hostname="LAPTOP-873KCNFI" failures="0" tests="3" name="tests.SignupTest" time="21.187" errors="0" timestamp="2026-04-13T15:56:33 IST" skipped="0">
  <testcase classname="tests.SignupTest" name="signUpWithUniqueCredentials" time="10.031"/>
  <testcase classname="tests.SignupTest" name="signUpWithEmptyFields" time="4.551"/>
  <testcase classname="tests.SignupTest" name="signUpWithExistingUsername" time="6.605"/>
</testsuite> <!-- tests.SignupTest -->
