<?xml version="1.0" encoding="UTF-8"?>
<!-- Generated by org.testng.reporters.JUnitReportReporter -->
<testsuite hostname="LAPTOP-873KCNFI" failures="0" tests="7" name="ecommerce.ProductBrowsingTests" time="22.634" errors="0" timestamp="2025-12-03T16:46:55 IST" skipped="0">
  <testcase classname="ecommerce.ProductBrowsingTests" name="verifyPhonesCategory" time="2.995"/>
  <testcase classname="ecommerce.ProductBrowsingTests" name="verifyLaptopsCategory" time="3.333"/>
  <testcase classname="ecommerce.ProductBrowsingTests" name="verifyProductDetailPage" time="4.241"/>
  <testcase classname="ecommerce.ProductBrowsingTests" name="verifyHomeNavigation" time="3.748"/>
  <testcase classname="ecommerce.ProductBrowsingTests" name="verifyInvalidCategoryHandling" time="2.244"/>
  <testcase classname="ecommerce.ProductBrowsingTests" name="verifyBlankAreaClickDoesNothing" time="2.124"/>
  <testcase classname="ecommerce.ProductBrowsingTests" name="verifyMissingImageCase" time="3.949"/>
</testsuite> <!-- ecommerce.ProductBrowsingTests -->
