<?xml version="1.0" encoding="UTF-8"?>
<!-- Generated by org.testng.reporters.JUnitReportReporter -->
<testsuite hostname="LAPTOP-873KCNFI" failures="0" tests="4" name="tests.ResponsiveTest" time="14.170" errors="0" timestamp="2026-04-13T15:26:51 IST" skipped="0">
  <testcase classname="tests.ResponsiveTest" name="verifyMobileResponsiveness" time="3.121"/>
  <testcase classname="tests.ResponsiveTest" name="verifyTabletResponsiveness" time="3.259"/>
  <testcase classname="tests.ResponsiveTest" name="verifyDesktopResponsiveness" time="3.283"/>
  <testcase classname="tests.ResponsiveTest" name="verifyForcedOverflowScenario" time="4.507"/>
</testsuite> <!-- tests.ResponsiveTest -->
