<?xml version="1.0" encoding="UTF-8"?>
<!-- Generated by org.testng.reporters.JUnitReportReporter -->
<testsuite hostname="LAPTOP-873KCNFI" failures="0" tests="6" name="tests.UIUXTest" time="33.199" errors="0" timestamp="2026-04-13T15:26:51 IST" skipped="0">
  <testcase classname="tests.UIUXTest" name="verifyProductTilesPresence" time="4.017"/>
  <testcase classname="tests.UIUXTest" name="verifyNavbarUIElements" time="2.745"/>
  <testcase classname="tests.UIUXTest" name="verifyAddToCartAlert" time="6.614"/>
  <testcase classname="tests.UIUXTest" name="verifyNonExistingUIElement" time="12.600"/>
  <testcase classname="tests.UIUXTest" name="verifyFontConsistency" time="2.929"/>
  <testcase classname="tests.UIUXTest" name="verifyProductImagesLoad" time="4.294"/>
</testsuite> <!-- tests.UIUXTest -->
