<?xml version="1.0" encoding="UTF-8"?>
<!-- Generated by org.testng.reporters.JUnitReportReporter -->
<testsuite hostname="LAPTOP-873KCNFI" failures="0" tests="6" name="tests.UIUXTest" time="22.764" errors="0" timestamp="2026-04-11T17:11:36 IST" skipped="0">
  <testcase classname="tests.UIUXTest" name="verifyProductTilesPresence" time="2.784"/>
  <testcase classname="tests.UIUXTest" name="verifyNavbarUIElements" time="2.877"/>
  <testcase classname="tests.UIUXTest" name="verifyAddToCartAlert" time="6.815"/>
  <testcase classname="tests.UIUXTest" name="verifyNonExistingUIElement" time="2.541"/>
  <testcase classname="tests.UIUXTest" name="verifyFontConsistency" time="2.959"/>
  <testcase classname="tests.UIUXTest" name="verifyProductImagesLoad" time="4.788"/>
</testsuite> <!-- tests.UIUXTest -->
