<?xml version="1.0" encoding="UTF-8"?>
<!-- Generated by org.testng.reporters.JUnitReportReporter -->
<testsuite hostname="LAPTOP-873KCNFI" failures="0" tests="5" name="ecommerce.LoginTest" time="20.032" errors="0" timestamp="2025-11-22T19:20:34 IST" skipped="0">
  <testcase classname="ecommerce.LoginTest" name="loginWithIncorrectPassword" time="4.512"/>
  <testcase classname="ecommerce.LoginTest" name="loginWithEmptyFields" time="3.387"/>
  <testcase classname="ecommerce.LoginTest" name="loginWithValidCredentials" time="4.748"/>
  <testcase classname="ecommerce.LoginTest" name="verifyPasswordMasked" time="2.715"/>
  <testcase classname="ecommerce.LoginTest" name="loginWithInvalidEmailFormat" time="4.670"/>
</testsuite> <!-- ecommerce.LoginTest -->
