<?xml version="1.0" encoding="UTF-8"?>
<!-- Generated by org.testng.reporters.JUnitReportReporter -->
<testsuite hostname="LAPTOP-873KCNFI" failures="0" tests="2" name="ecommerce.OrderPlaced" time="20.533" errors="0" timestamp="2025-12-03T16:46:55 IST" skipped="0">
  <testcase classname="ecommerce.OrderPlaced" name="testPlaceOrderWithEmptyForm" time="9.948"/>
  <testcase classname="ecommerce.OrderPlaced" name="testPlaceOrderWithValidDetailsAndVerifyConfirmation" time="10.585"/>
</testsuite> <!-- ecommerce.OrderPlaced -->
