<?xml version="1.0" encoding="UTF-8"?>
<!-- Generated by org.testng.reporters.JUnitReportReporter -->
<testsuite hostname="LAPTOP-873KCNFI" failures="0" tests="4" name="ecommerce.CartTest" time="15.508" errors="0" timestamp="2025-12-03T16:46:55 IST" skipped="0">
  <testcase classname="ecommerce.CartTest" name="addSingleProductToCart" time="6.590"/>
  <testcase classname="ecommerce.CartTest" name="viewCart" time="1.990"/>
  <testcase classname="ecommerce.CartTest" name="removeProductFromCart" time="0.097"/>
  <testcase classname="ecommerce.CartTest" name="addMultipleProductsToCart" time="6.831"/>
</testsuite> <!-- ecommerce.CartTest -->
