<?xml version="1.0" encoding="UTF-8"?>
<!-- Generated by org.testng.reporters.JUnitReportReporter -->
<testsuite hostname="LAPTOP-873KCNFI" failures="0" tests="4" name="tests.CartTest" time="17.486" errors="0" timestamp="2026-04-11T16:03:50 IST" skipped="0">
  <testcase classname="tests.CartTest" name="addSingleProductToCart" time="5.757"/>
  <testcase classname="tests.CartTest" name="viewCart" time="1.944"/>
  <testcase classname="tests.CartTest" name="removeProductFromCart" time="1.491"/>
  <testcase classname="tests.CartTest" name="addMultipleProductsToCart" time="8.294"/>
</testsuite> <!-- tests.CartTest -->
