<?xml version="1.0" encoding="UTF-8"?>
<!-- Generated by org.testng.reporters.JUnitReportReporter -->
<testsuite hostname="LAPTOP-873KCNFI" failures="0" tests="2" name="tests.Logoutfunctionality" time="22.415" errors="0" timestamp="2026-04-11T17:22:34 IST" skipped="0">
  <testcase classname="tests.Logoutfunctionality" name="verifyLogoutPositive" time="7.730"/>
  <testcase classname="tests.Logoutfunctionality" name="verifyLogoutNegative" time="14.685"/>
</testsuite> <!-- tests.Logoutfunctionality -->
