<?xml version="1.0" encoding="UTF-8"?>
<!-- Generated by org.testng.reporters.JUnitReportReporter -->
<testsuite hostname="LAPTOP-873KCNFI" failures="0" tests="4" name="tests.LoginFunctionality" time="38.334" errors="0" timestamp="2026-04-13T15:26:51 IST" skipped="0">
  <testcase classname="tests.LoginFunctionality" name="loginWithInvalidUsername" time="15.051"/>
  <testcase classname="tests.LoginFunctionality" name="loginWithIncorrectPassword" time="10.133"/>
  <testcase classname="tests.LoginFunctionality" name="loginWithEmptyFields" time="7.458"/>
  <testcase classname="tests.LoginFunctionality" name="verifyPasswordMasked" time="5.692"/>
</testsuite> <!-- tests.LoginFunctionality -->
