<?xml version="1.0" encoding="UTF-8"?>
<!-- Generated by org.testng.reporters.JUnitReportReporter -->
<testsuite hostname="LAPTOP-873KCNFI" failures="0" tests="2" name="ecommerce.Logoutfunctionality" time="24.993" errors="0" timestamp="2025-12-03T16:52:09 IST" skipped="0">
  <testcase classname="ecommerce.Logoutfunctionality" name="verifyLogoutPositive" time="8.692"/>
  <testcase classname="ecommerce.Logoutfunctionality" name="verifyLogoutNegative" time="16.301"/>
</testsuite> <!-- ecommerce.Logoutfunctionality -->
