<?xml version="1.0" encoding="UTF-8"?>
<!-- Generated by org.testng.reporters.JUnitReportReporter -->
<testsuite hostname="LAPTOP-873KCNFI" failures="0" tests="3" name="tests.SignupTest" time="36.823" errors="0" timestamp="2026-04-13T15:26:51 IST" skipped="0">
  <testcase classname="tests.SignupTest" name="signUpWithEmptyFields" time="12.151"/>
  <testcase classname="tests.SignupTest" name="signUpWithUniqueCredentials" time="7.737"/>
  <testcase classname="tests.SignupTest" name="signUpWithExistingUsername" time="16.935"/>
</testsuite> <!-- tests.SignupTest -->
