<?xml version="1.0" encoding="UTF-8"?>
<!-- Generated by org.testng.reporters.JUnitReportReporter -->
<testsuite hostname="LAPTOP-873KCNFI" failures="0" tests="3" name="tests.ProductBrowsingTests" time="8.341" errors="0" timestamp="2026-04-11T16:39:24 IST" skipped="0">
  <testcase classname="tests.ProductBrowsingTests" name="verifyPhonesCategory" time="3.632"/>
  <testcase classname="tests.ProductBrowsingTests" name="verifyLaptopsCategory" time="2.338"/>
  <testcase classname="tests.ProductBrowsingTests" name="verifyMonitorsCategory" time="2.371"/>
</testsuite> <!-- tests.ProductBrowsingTests -->
