<?xml version="1.0" encoding="UTF-8"?>
<!-- Generated by org.testng.reporters.JUnitReportReporter -->
<testsuite hostname="LAPTOP-873KCNFI" failures="0" tests="4" name="tests.CartTest" time="18.970" errors="0" timestamp="2026-04-13T15:56:33 IST" skipped="0">
  <testcase classname="tests.CartTest" name="addSingleProductToCart" time="5.780"/>
  <testcase classname="tests.CartTest" name="viewCart" time="2.449"/>
  <testcase classname="tests.CartTest" name="removeProductFromCart" time="2.312"/>
  <testcase classname="tests.CartTest" name="addMultipleProductsToCart" time="8.429"/>
</testsuite> <!-- tests.CartTest -->
